2025-03-04 22:24:41,439 - INFO - 数据加载成功。
2025-03-04 22:24:41,445 - INFO - 删除全缺失的列：['Q24_24.如果您购买过正大食品（正大鸡蛋、正大猪肉、正大速冻产品等），购买的原因是什么？_开放选项', 'Q26_26.您从未购买过正大食品的原因是？_开放选项']
2025-03-04 22:24:41,456 - INFO - 数据基本信息：
None
2025-03-04 22:24:41,456 - INFO - 数据预览：
   答题序号                                       来源 Q1_1.您的性别是？ Q2_2.您的年龄是？  ... IP城市             IP地址                    浏览器                操作系统
0     1  E_307_5e11a332c461315e404897d4_0cjMyMjM         B.女   D.31~40 岁  ...  北京市    111.201.5.236        Unknown Browser  iPhone iOS 16.7.10
1     2  E_307_6634bacf33f0c46715717d43_0cjMyMjM         B.女   C.25~30 岁  ...  北京市  114.246.238.206        Unknown Browser     iPhone iOS 18.1
2     3  E_307_67a7113f1b2425a0f82d87b2_0cjMyMjM         B.女   B.18~24 岁  ...  北京市     49.7.207.245   Chrome 129.0.6668.70    Android Linux 15
3     4  E_307_6579485b1b2425b8d048d06c_0cjMyMjM         A.男   D.31~40 岁  ...  北京市   120.244.18.135  Chrome 130.0.6723.103    Android Linux 14
4     5  E_307_6305f6f533f0c4e05eba4b6d_0cjMyMjM         B.女   D.31~40 岁  ...  北京市     117.136.0.64        Unknown Browser   iPhone iOS 18.1.1

[5 rows x 80 columns]
2025-03-04 22:24:41,497 - INFO - 数值型特征：['Q13_13.您通常会因为以下哪些原因而选择购买药食同源滋补汤？（从左至右表示很不愿意、不愿意、一般愿意、愿意、很愿意）_调理身体需求（补气、补血）', 'Q13_13.您通常会因为以下哪些原因而选择购买药食同源滋补汤？（从左至右表示很不愿意、不愿意、一般愿意、愿意、很愿意）_提高免疫力', 'Q13_13.您通常会因为以下哪些原因而选择购买药食同源滋补汤？（从左至右表示很不愿意、不愿意、一般愿意、愿意、很愿意）_送礼需求', 'Q13_13.您通常会因为以下哪些原因而选择购买药食同源滋补汤？（从左至右表示很不愿意、不愿意、一般愿意、愿意、很愿意）_特定健康问题（如改善睡眠、调节肠胃等）', 'Q13_13.您通常会因为以下哪些原因而选择购买药食同源滋补汤？（从左至右表示很不愿意、不愿意、一般愿意、愿意、很愿意）_口感喜好', 'Q13_13.您通常会因为以下哪些原因而选择购买药食同源滋补汤？（从左至右表示很不愿意、不愿意、一般愿意、愿意、很愿意）_价格优惠（购买时遇到促销活动或价格优惠）', 'Q13_13.您通常会因为以下哪些原因而选择购买药食同源滋补汤？（从左至右表示很不愿意、不愿意、一般愿意、愿意、很愿意）_成分天然安全，品质有保障', 'Q13_13.您通常会因为以下哪些原因而选择购买药食同源滋补汤？（从左至右表示很不愿意、不愿意、一般愿意、愿意、很愿意）_品牌信誉好', 'Q13_13.您通常会因为以下哪些原因而选择购买药食同源滋补汤？（从左至右表示很不愿意、不愿意、一般愿意、愿意、很愿意）_改善皮肤状态（养颜美容等）', 'Q14_14.您更愿意选择（倾向）哪种形式的滋补汤呢？（请为每种类型打分，1分表示最不愿选择，5分表示最愿意选择）_A.自热型（自热即食）[图片]', 'Q14_14.您更愿意选择（倾向）哪种形式的滋补汤呢？（请为每种类型打分，1分表示最不愿选择，5分表示最愿意选择）_B.即食型（速食汤）[图片]', 'Q14_14.您更愿意选择（倾向）哪种形式的滋补汤呢？（请为每种类型打分，1分表示最不愿选择，5分表示最愿意选择）_C.汤料包（需自煮）[图片]', 'Q14_14.您更愿意选择（倾向）哪种形式的滋补汤呢？（请为每种类型打分，1分表示最不愿选择，5分表示最愿意选择）_D.鲜炖型（保质期短，品质较高）[图片]', 'Q16_16.请您判断以下包装功能对您来说的重要程度？_良好的密封性，保持产品新鲜', 'Q16_16.请您判断以下包装功能对您来说的重要程度？_易于携带和使用', 'Q16_16.请您判断以下包装功能对您来说的重要程度？_包装设计适合送礼（如礼盒、精致外观）', 'Q16_16.请您判断以下包装功能对您来说的重要程度？_成分与功效说明清晰易懂（如药材来源、适用人群标注）', 'Q16_16.请您判断以下包装功能对您来说的重要程度？_环保可持续（可降解包装等）', 'Q16_16.请您判断以下包装功能对您来说的重要程度？_包装容量标识明确', 'Q17_17.市场上药食同源滋补汤产品体验评价（1-5分，1=完全不符合，5=完全符合）_我能轻松找到符合需求的品类（如补气、养颜等）', 'Q17_17.市场上药食同源滋补汤产品体验评价（1-5分，1=完全不符合，5=完全符合）_产品口感、味道符合我的预期', 'Q17_17.市场上药食同源滋补汤产品体验评价（1-5分，1=完全不符合，5=完全符合）_使用后未出现不良反应（如肠胃不适）', 'Q17_17.市场上药食同源滋补汤产品体验评价（1-5分，1=完全不符合，5=完全符合）_产品包装上有明确的安全认证标识（如质检、药材来源）', 'Q18_18.市场上药食同源滋补汤价格及促销体验评价（1-5分，1=非常不满意，5=非常满意）：_价格在我的经济承受范围内', 'Q18_18.市场上药食同源滋补汤价格及促销体验评价（1-5分，1=非常不满意，5=非常满意）：_促销折扣让我觉得物有所值（如买一送一、满减）', 'Q18_18.市场上药食同源滋补汤价格及促销体验评价（1-5分，1=非常不满意，5=非常满意）：_我经常看到该品类的促销活动', 'Q18_18.市场上药食同源滋补汤价格及促销体验评价（1-5分，1=非常不满意，5=非常满意）：_促销形式吸引我尝试新品牌或新产品', 'Q19_19.市场上的药食同源滋补汤的购买平台及售后服务体验评价（1-5分，1=非常不满意，5=非常满意）：_商品详情页描述与实际收到的产品一致', 'Q19_19.市场上的药食同源滋补汤的购买平台及售后服务体验评价（1-5分，1=非常不满意，5=非常满意）：_退换货流程简单快捷（如有需要）', 'Q19_19.市场上的药食同源滋补汤的购买平台及售后服务体验评价（1-5分，1=非常不满意，5=非常满意）：_客服能及时解决我的问题', 'Q19_19.市场上的药食同源滋补汤的购买平台及售后服务体验评价（1-5分，1=非常不满意，5=非常满意）：_物流速度符合预期', 'Q21_21.您向亲友或同事推荐购买药食同源滋补汤的可能性有多大？ (请选 0-10 数字打分)']
2025-03-04 22:24:41,497 - INFO - 类别型特征：['Q1_1.您的性别是？', 'Q2_2.您的年龄是？', 'Q3_3.您的职业？', 'Q4_4.您的月收入或生活费是？', 'Q5_5.您的常住地是？', 'Q6_6.您认为养生对您的生活有多重要？', 'Q7_7.您对药食同源滋补汤的了解程度？', 'Q8_8.您是否购买过或得到过药食同源滋补汤品类的产品？', 'Q9_9.即使未购买过，您未来是否愿意尝试药食同源滋补汤？', 'Q10_10.您会通过什么渠道购买或得到药食同源滋补汤？_A.线下实体门店', 'Q10_10.您会通过什么渠道购买或得到药食同源滋补汤？_B.抖音、快手等软件直播', 'Q10_10.您会通过什么渠道购买或得到药食同源滋补汤？_C.淘宝、拼多多、美团优选等APP', 'Q10_10.您会通过什么渠道购买或得到药食同源滋补汤？_D.品牌线上官方渠道（微信小程序商城、官网等）', 'Q10_10.您会通过什么渠道购买或得到药食同源滋补汤？_E.亲友赠与/工作单位赠与', 'Q10_10.您会通过什么渠道购买或得到药食同源滋补汤？_F.社区团购', 'Q10_10.您会通过什么渠道购买或得到药食同源滋补汤？_G.微商社群', 'Q10_10.您会通过什么渠道购买或得到药食同源滋补汤？_H.其他', 'Q10_10.您会通过什么渠道购买或得到药食同源滋补汤？_H.其他_开放选项', 'Q11_11.在过去12个月内，您购买药食同源滋补汤的频率大约是？', 'Q12_12.您购买过哪些品类的滋补汤？请填写购买品牌_A.传统经典类（阿胶乌鸡汤、人参鸡汤、四君子汤等）', 'Q12_12.您购买过哪些品类的滋补汤？请填写购买品牌_A.传统经典类（阿胶乌鸡汤、人参鸡汤、四君子汤等）_开放选项', 'Q12_12.您购买过哪些品类的滋补汤？请填写购买品牌_B.功能调理类（灵芝汤、茯苓薏米汤、当归黄芪汤等）', 'Q12_12.您购买过哪些品类的滋补汤？请填写购买品牌_B.功能调理类（灵芝汤、茯苓薏米汤、当归黄芪汤等）_开放选项', 'Q12_12.您购买过哪些品类的滋补汤？请填写购买品牌_选项1', 'Q12_12.您购买过哪些品类的滋补汤？请填写购买品牌_选项1_开放选项', 'Q12_12.您购买过哪些品类的滋补汤？请填写购买品牌_D.人群定制类（月子汤、更年期调理汤、三高调理汤等）', 'Q12_12.您购买过哪些品类的滋补汤？请填写购买品牌_D.人群定制类（月子汤、更年期调理汤、三高调理汤等）_开放选项', 'Q12_12.您购买过哪些品类的滋补汤？请填写购买品牌_E.其他（需要注明汤品及品牌）', 'Q12_12.您购买过哪些品类的滋补汤？请填写购买品牌_E.其他（需要注明汤品及品牌）_开放选项', 'Q15_15.您更愿意选择何种容量的汤料包？', 'Q15_15.您更愿意选择何种容量的汤料包？_开放选项', 'Q20_20.您通常购买一份或能接受（一人一餐食用，约250g）药食滋补汤的价位区间是？', 'Q20_20.您通常购买一份或能接受（一人一餐食用，约250g）药食滋补汤的价位区间是？_开放选项', 'Q22_22.如果您购买过，是否会选择回购？', 'Q23_23.您对正大食品的了解情况是？', 'Q24_24.如果您购买过正大食品（正大鸡蛋、正大猪肉、正大速冻产品等），购买的原因是什么？', 'Q26_26.您从未购买过正大食品的原因是？']
2025-03-04 22:24:52,579 - INFO - 调参完成。最佳参数：{'classifier__alpha': 0.001, 'classifier__hidden_layer_sizes': (100, 50), 'classifier__max_iter': 500}
2025-03-04 22:24:52,579 - INFO - 交叉验证最佳准确率：0.7488
2025-03-04 22:24:52,597 - INFO - 测试集准确率：0.7068
2025-03-04 22:24:52,598 - INFO - 分类报告：
              precision    recall  f1-score   support

           0     0.7222    0.5909    0.6500        88
           1     0.6975    0.8058    0.7477       103

    accuracy                         0.7068       191
   macro avg     0.7099    0.6984    0.6989       191
weighted avg     0.7089    0.7068    0.7027       191

2025-03-04 22:24:52,605 - INFO - 已将分类报告导出为 classification_report.html
2025-03-04 22:24:53,140 - INFO - 已将神经元参数导出至 neuron_parameters.xlsx
2025-03-04 22:24:53,838 - INFO - num_full_subsets = 1
2025-03-04 22:24:53,839 - INFO - remaining_weight_vector = array([0.11106983, 0.07456436, 0.0563171 , 0.04537321, 0.03808108,
       0.03287576, 0.02897474, 0.02594332, 0.02352067, 0.02154082,
       0.0198931 , 0.01850093, 0.01730958, 0.01627894, 0.0153789 ,
       0.01458646, 0.01388373, 0.01325657, 0.01269369, 0.01218595,
       0.01172585, 0.01130721, 0.0109249 , 0.01057458, 0.0102526 ,
       0.00995584, 0.00968163, 0.00942768, 0.00919199, 0.00897282,
       0.00876867, 0.0085782 , 0.00840024, 0.00823375, 0.00807781,
       0.00793159, 0.00779437, 0.00766549, 0.00754437, 0.00743046,
       0.00732329, 0.00722242, 0.00712748, 0.00703809, 0.00695394,
       0.00687473, 0.00680019, 0.00673009, 0.00666419, 0.00660229,
       0.00654421, 0.00648978, 0.00643883, 0.00639123, 0.00634685,
       0.00630556, 0.00626726, 0.00623185, 0.00619925, 0.00616936,
       0.00614211, 0.00611744, 0.0060953 , 0.00607561, 0.00605835,
       0.00604347, 0.00603094, 0.00602072, 0.0060128 , 0.00600716,
       0.00600377, 0.00600265])
2025-03-04 22:24:53,839 - INFO - num_paired_subset_sizes = 72
2025-03-04 22:24:53,902 - INFO - weight_left = 0.818818568106711
2025-03-04 22:24:54,955 - INFO - np.sum(w_aug) = 145.99999999999997
2025-03-04 22:24:54,955 - INFO - np.sum(self.kernelWeights) = 1.0
2025-03-04 22:24:55,115 - INFO - phi = array([ 0.01413066, -0.00527075, -0.00321591,  0.00415113, -0.00223873,
        0.        , -0.00332235,  0.00304748,  0.        , -0.00249967,
        0.00296012, -0.00666758,  0.00121772,  0.02228699, -0.00593603,
       -0.00233505,  0.01051437, -0.00283852, -0.01563402,  0.00649021,
       -0.00986307, -0.00381157,  0.0138635 ,  0.        , -0.00776249,
       -0.00261309, -0.00279256, -0.01243279,  0.00347609,  0.00448605,
        0.00076368,  0.00262872, -0.00389873,  0.01177258, -0.00526436,
        0.        , -0.0183202 ,  0.        ,  0.00285048, -0.01564525,
        0.        ,  0.00138811, -0.0050328 ,  0.        , -0.00067497,
       -0.00485895,  0.01912655, -0.01039996, -0.02074076, -0.02487572,
        0.00166847,  0.00219324,  0.00268435, -0.01900053, -0.0247817 ,
        0.01826613, -0.04600575, -0.01593355, -0.00867713, -0.02028929,
       -0.00619355, -0.01892881, -0.00554253,  0.00156631,  0.0021486 ,
        0.00260957,  0.00208206,  0.00438405,  0.00505237, -0.00241189,
        0.        ,  0.00307848,  0.0012133 , -0.00099568,  0.00404924,
        0.00127197, -0.00076384, -0.00193263,  0.00177145,  0.        ,
        0.00418284,  0.00155334, -0.00199546,  0.        , -0.00230841,
       -0.00706431,  0.        ,  0.00271076, -0.00221889, -0.00079321,
        0.        ,  0.        ,  0.        , -0.00274843, -0.00105044,
       -0.00173336,  0.        ,  0.00221748,  0.00135012,  0.        ,
        0.00381033,  0.        ,  0.00231731,  0.        ,  0.00332163,
       -0.00126476, -0.00257503,  0.        ,  0.        ,  0.00698747,
        0.00287089,  0.        , -0.00147387,  0.00079089,  0.        ,
        0.        , -0.00120625, -0.00145359,  0.        ,  0.00384493,
        0.00341095, -0.01021204, -0.00821036,  0.00341367, -0.00536145,
        0.00514238, -0.00478404,  0.01053726, -0.00701486, -0.0010036 ,
        0.01389216, -0.02223087,  0.00113331, -0.00235715,  0.00584826,
       -0.00631166, -0.09468044,  0.00447505, -0.01036183,  0.01286057,
        0.00188824, -0.00484442, -0.02952404, -0.01158593, -0.00582173,
       -0.00346946])
2025-03-04 22:24:55,117 - INFO - np.sum(w_aug) = 145.99999999999997
2025-03-04 22:24:55,117 - INFO - np.sum(self.kernelWeights) = 1.0
2025-03-04 22:24:55,216 - INFO - phi = array([-0.01413066,  0.00527075,  0.00321591, -0.00415113,  0.00223873,
        0.        ,  0.00332235, -0.00304748,  0.        ,  0.00249967,
       -0.00296012,  0.00666758, -0.00121772, -0.02228699,  0.00593603,
        0.00233505, -0.01051437,  0.00283852,  0.01563402, -0.00649021,
        0.00986307,  0.00381157, -0.0138635 ,  0.        ,  0.00776249,
        0.00261309,  0.00279256,  0.01243279, -0.00347609, -0.00448605,
       -0.00076368, -0.00262872,  0.00389873, -0.01177258,  0.00526436,
        0.        ,  0.0183202 ,  0.        , -0.00285048,  0.01564525,
        0.        , -0.00138811,  0.0050328 ,  0.        ,  0.00067497,
        0.00485895, -0.01912655,  0.01039996,  0.02074076,  0.02487572,
       -0.00166847, -0.00219324, -0.00268435,  0.01900053,  0.0247817 ,
       -0.01826613,  0.04600575,  0.01593355,  0.00867713,  0.02028929,
        0.00619355,  0.01892881,  0.00554253, -0.00156631, -0.0021486 ,
       -0.00260957, -0.00208206, -0.00438405, -0.00505237,  0.00241189,
        0.        , -0.00307848, -0.0012133 ,  0.00099568, -0.00404924,
       -0.00127197,  0.00076384,  0.00193263, -0.00177145,  0.        ,
       -0.00418284, -0.00155334,  0.00199546,  0.        ,  0.00230841,
        0.00706431,  0.        , -0.00271076,  0.00221889,  0.00079321,
        0.        ,  0.        ,  0.        ,  0.00274843,  0.00105044,
        0.00173336,  0.        , -0.00221748, -0.00135012,  0.        ,
       -0.00381033,  0.        , -0.00231731,  0.        , -0.00332163,
        0.00126476,  0.00257503,  0.        ,  0.        , -0.00698747,
       -0.00287089,  0.        ,  0.00147387, -0.00079089,  0.        ,
        0.        ,  0.00120625,  0.00145359,  0.        , -0.00384493,
       -0.00341095,  0.01021204,  0.00821036, -0.00341367,  0.00536145,
       -0.00514238,  0.00478404, -0.01053726,  0.00701486,  0.0010036 ,
       -0.01389216,  0.02223087, -0.00113331,  0.00235715, -0.00584826,
        0.00631166,  0.09468044, -0.00447505,  0.01036183, -0.01286057,
       -0.00188824,  0.00484442,  0.02952404,  0.01158593,  0.00582173,
        0.00346946])
2025-03-04 22:24:55,949 - INFO - num_full_subsets = 1
2025-03-04 22:24:55,949 - INFO - remaining_weight_vector = array([0.11106983, 0.07456436, 0.0563171 , 0.04537321, 0.03808108,
       0.03287576, 0.02897474, 0.02594332, 0.02352067, 0.02154082,
       0.0198931 , 0.01850093, 0.01730958, 0.01627894, 0.0153789 ,
       0.01458646, 0.01388373, 0.01325657, 0.01269369, 0.01218595,
       0.01172585, 0.01130721, 0.0109249 , 0.01057458, 0.0102526 ,
       0.00995584, 0.00968163, 0.00942768, 0.00919199, 0.00897282,
       0.00876867, 0.0085782 , 0.00840024, 0.00823375, 0.00807781,
       0.00793159, 0.00779437, 0.00766549, 0.00754437, 0.00743046,
       0.00732329, 0.00722242, 0.00712748, 0.00703809, 0.00695394,
       0.00687473, 0.00680019, 0.00673009, 0.00666419, 0.00660229,
       0.00654421, 0.00648978, 0.00643883, 0.00639123, 0.00634685,
       0.00630556, 0.00626726, 0.00623185, 0.00619925, 0.00616936,
       0.00614211, 0.00611744, 0.0060953 , 0.00607561, 0.00605835,
       0.00604347, 0.00603094, 0.00602072, 0.0060128 , 0.00600716,
       0.00600377, 0.00600265])
2025-03-04 22:24:55,949 - INFO - num_paired_subset_sizes = 72
2025-03-04 22:24:56,013 - INFO - weight_left = 0.818818568106711
2025-03-04 22:24:57,009 - INFO - np.sum(w_aug) = 146.0
2025-03-04 22:24:57,009 - INFO - np.sum(self.kernelWeights) = 1.0
2025-03-04 22:24:57,104 - INFO - phi = array([ 0.01864583, -0.02612313,  0.00714659,  0.01419618, -0.08100417,
       -0.06127224,  0.        , -0.02757828, -0.03353028,  0.07729218,
        0.        , -0.11245177,  0.00449255,  0.03375754, -0.02301436,
        0.        , -0.02794457, -0.09787736,  0.07131949,  0.0148957 ,
       -0.00397137,  0.00589874,  0.01467313, -0.01122738, -0.00706982,
       -0.0091556 , -0.00688852, -0.04575684,  0.        ,  0.0117981 ,
        0.        , -0.11093903, -0.01549771,  0.00472959, -0.00352316,
       -0.0216164 ,  0.0243459 , -0.01235345,  0.00538426,  0.02635619,
       -0.02162575,  0.01348682,  0.        ,  0.00587705,  0.        ,
        0.        ,  0.0282251 , -0.01187053,  0.04715813,  0.04623585,
        0.        ,  0.        ,  0.        , -0.00833046, -0.01373355,
       -0.00358595,  0.02721584, -0.00398238,  0.03226142, -0.01686929,
       -0.00434669, -0.03094443,  0.        ,  0.        ,  0.        ,
       -0.00576794,  0.        ,  0.        ,  0.00891115, -0.00815189,
        0.        ,  0.00811535, -0.01083457,  0.        ,  0.        ,
        0.0063052 ,  0.        , -0.00465795,  0.        ,  0.        ,
        0.        ,  0.00710084, -0.01275525, -0.0024981 ,  0.00347727,
        0.        , -0.00682971,  0.01615536, -0.01513443,  0.00608826,
        0.        , -0.00510758,  0.00924025,  0.        , -0.00997982,
        0.        , -0.00096773,  0.01090853,  0.00664225, -0.00906843,
        0.01106428, -0.0076155 ,  0.        , -0.01453523,  0.00369897,
        0.00793233, -0.00378098,  0.        ,  0.        ,  0.01134135,
        0.        ,  0.        ,  0.        ,  0.        ,  0.        ,
       -0.001413  , -0.00601899,  0.00396889,  0.        , -0.00904954,
       -0.00567834,  0.01329869,  0.        , -0.02162847, -0.02442976,
        0.0070344 ,  0.        ,  0.01157441, -0.00675907,  0.00702871,
        0.01700916,  0.0162028 , -0.0070165 ,  0.        ,  0.02056602,
        0.        ,  0.0114148 , -0.0079083 , -0.01767198,  0.00763097,
        0.01068381, -0.00260968, -0.0332356 , -0.00963557,  0.        ,
        0.        ])
2025-03-04 22:24:57,105 - INFO - np.sum(w_aug) = 146.0
2025-03-04 22:24:57,105 - INFO - np.sum(self.kernelWeights) = 1.0
2025-03-04 22:24:57,202 - INFO - phi = array([-0.01864583,  0.02612313, -0.00714659, -0.01419618,  0.08100417,
        0.06127224,  0.        ,  0.02757828,  0.03353028, -0.07729218,
        0.        ,  0.11245177, -0.00449255, -0.03375754,  0.02301436,
        0.        ,  0.02794457,  0.09787736, -0.07131949, -0.0148957 ,
        0.00397137, -0.00589874, -0.01467313,  0.01122738,  0.00706982,
        0.0091556 ,  0.00688852,  0.04575684,  0.        , -0.0117981 ,
        0.        ,  0.11093903,  0.01549771, -0.00472959,  0.00352316,
        0.0216164 , -0.0243459 ,  0.01235345, -0.00538426, -0.02635619,
        0.02162575, -0.01348682,  0.        , -0.00587705,  0.        ,
        0.        , -0.0282251 ,  0.01187053, -0.04715813, -0.04623585,
        0.        ,  0.        ,  0.        ,  0.00833046,  0.01373355,
        0.00358595, -0.02721584,  0.00398238, -0.03226142,  0.01686929,
        0.00434669,  0.03094443,  0.        ,  0.        ,  0.        ,
        0.00576794,  0.        ,  0.        , -0.00891115,  0.00815189,
        0.        , -0.00811535,  0.01083457,  0.        ,  0.        ,
       -0.0063052 ,  0.        ,  0.00465795,  0.        ,  0.        ,
        0.        , -0.00710084,  0.01275525,  0.0024981 , -0.00347727,
        0.        ,  0.00682971, -0.01615536,  0.01513443, -0.00608826,
        0.        ,  0.00510758, -0.00924025,  0.        ,  0.00997982,
        0.        ,  0.00096773, -0.01090853, -0.00664225,  0.00906843,
       -0.01106428,  0.0076155 ,  0.        ,  0.01453523, -0.00369897,
       -0.00793233,  0.00378098,  0.        ,  0.        , -0.01134135,
        0.        ,  0.        ,  0.        ,  0.        ,  0.        ,
        0.001413  ,  0.00601899, -0.00396889,  0.        ,  0.00904954,
        0.00567834, -0.01329869,  0.        ,  0.02162847,  0.02442976,
       -0.0070344 ,  0.        , -0.01157441,  0.00675907, -0.00702871,
       -0.01700916, -0.0162028 ,  0.0070165 ,  0.        , -0.02056602,
        0.        , -0.0114148 ,  0.0079083 ,  0.01767198, -0.00763097,
       -0.01068381,  0.00260968,  0.0332356 ,  0.00963557,  0.        ,
        0.        ])
2025-03-04 22:24:57,956 - INFO - num_full_subsets = 1
2025-03-04 22:24:57,956 - INFO - remaining_weight_vector = array([0.11106983, 0.07456436, 0.0563171 , 0.04537321, 0.03808108,
       0.03287576, 0.02897474, 0.02594332, 0.02352067, 0.02154082,
       0.0198931 , 0.01850093, 0.01730958, 0.01627894, 0.0153789 ,
       0.01458646, 0.01388373, 0.01325657, 0.01269369, 0.01218595,
       0.01172585, 0.01130721, 0.0109249 , 0.01057458, 0.0102526 ,
       0.00995584, 0.00968163, 0.00942768, 0.00919199, 0.00897282,
       0.00876867, 0.0085782 , 0.00840024, 0.00823375, 0.00807781,
       0.00793159, 0.00779437, 0.00766549, 0.00754437, 0.00743046,
       0.00732329, 0.00722242, 0.00712748, 0.00703809, 0.00695394,
       0.00687473, 0.00680019, 0.00673009, 0.00666419, 0.00660229,
       0.00654421, 0.00648978, 0.00643883, 0.00639123, 0.00634685,
       0.00630556, 0.00626726, 0.00623185, 0.00619925, 0.00616936,
       0.00614211, 0.00611744, 0.0060953 , 0.00607561, 0.00605835,
       0.00604347, 0.00603094, 0.00602072, 0.0060128 , 0.00600716,
       0.00600377, 0.00600265])
2025-03-04 22:24:57,956 - INFO - num_paired_subset_sizes = 72
2025-03-04 22:24:58,023 - INFO - weight_left = 0.818818568106711
2025-03-04 22:24:59,016 - INFO - np.sum(w_aug) = 145.99999999999997
2025-03-04 22:24:59,016 - INFO - np.sum(self.kernelWeights) = 1.0
2025-03-04 22:24:59,119 - INFO - phi = array([ 0.02718644, -0.01022025,  0.        ,  0.00119437, -0.00518545,
        0.        ,  0.02351341,  0.01627862, -0.00759476, -0.01241259,
        0.01220195, -0.00520127,  0.01059548,  0.04592633, -0.00696377,
        0.00551951,  0.05381577,  0.05026477, -0.02222951,  0.01135539,
       -0.01799002,  0.0307926 ,  0.02794815, -0.0052533 , -0.00321059,
       -0.01011025,  0.00385367, -0.02489517,  0.00287651,  0.00433652,
        0.02263344,  0.0116291 , -0.01313225,  0.01106338, -0.00701987,
        0.01294751, -0.01112833,  0.        , -0.03184765,  0.01580273,
        0.02186805,  0.00423194, -0.00627529, -0.00781315,  0.0085281 ,
        0.05406927,  0.04001748, -0.01846733, -0.02000994, -0.02832569,
        0.00386999,  0.00990178, -0.00588404, -0.00966173, -0.01416612,
       -0.03780473,  0.01713487,  0.05038015, -0.00945675,  0.08986999,
        0.        ,  0.0247112 ,  0.01848312, -0.01031251,  0.00453043,
        0.        ,  0.00905995,  0.01834007,  0.01571751, -0.00768428,
        0.01735431,  0.0151067 ,  0.01016641,  0.00613255,  0.00484109,
        0.00330311, -0.00618796,  0.        ,  0.0042211 ,  0.00762012,
        0.        ,  0.01056639, -0.01154626,  0.00800618, -0.00982341,
       -0.01034084, -0.00413606,  0.0033262 ,  0.00656451,  0.00074933,
        0.        , -0.00510505,  0.00698043, -0.00454962,  0.0081375 ,
       -0.00448092,  0.00440169,  0.01033879,  0.00114638,  0.        ,
        0.00507893,  0.        ,  0.        , -0.00946731,  0.00438626,
        0.        ,  0.        ,  0.        ,  0.00147003, -0.00259603,
       -0.00676414, -0.00300578,  0.        ,  0.        ,  0.        ,
       -0.00475498,  0.00186125,  0.        ,  0.        ,  0.01020208,
        0.0032093 , -0.01492615, -0.00937753,  0.        , -0.01306537,
        0.01319541, -0.00424473,  0.02656691, -0.00899246,  0.00938108,
        0.        ,  0.01206361,  0.00257101, -0.00791087,  0.01317219,
        0.09512731,  0.03987373,  0.03239083,  0.        , -0.02247176,
       -0.00194736, -0.00418267, -0.00640562,  0.00336288,  0.        ,
        0.        ])
2025-03-04 22:24:59,120 - INFO - np.sum(w_aug) = 145.99999999999997
2025-03-04 22:24:59,120 - INFO - np.sum(self.kernelWeights) = 1.0
2025-03-04 22:24:59,219 - INFO - phi = array([-0.02718644,  0.01022025,  0.        , -0.00119437,  0.00518545,
        0.        , -0.02351341, -0.01627862,  0.00759476,  0.01241259,
       -0.01220195,  0.00520127, -0.01059548, -0.04592633,  0.00696377,
       -0.00551951, -0.05381577, -0.05026477,  0.02222951, -0.01135539,
        0.01799002, -0.0307926 , -0.02794815,  0.0052533 ,  0.00321059,
        0.01011025, -0.00385367,  0.02489517, -0.00287651, -0.00433652,
       -0.02263344, -0.0116291 ,  0.01313225, -0.01106338,  0.00701987,
       -0.01294751,  0.01112833,  0.        ,  0.03184765, -0.01580273,
       -0.02186805, -0.00423194,  0.00627529,  0.00781315, -0.0085281 ,
       -0.05406927, -0.04001748,  0.01846733,  0.02000994,  0.02832569,
       -0.00386999, -0.00990178,  0.00588404,  0.00966173,  0.01416612,
        0.03780473, -0.01713487, -0.05038015,  0.00945675, -0.08986999,
        0.        , -0.0247112 , -0.01848312,  0.01031251, -0.00453043,
        0.        , -0.00905995, -0.01834007, -0.01571751,  0.00768428,
       -0.01735431, -0.0151067 , -0.01016641, -0.00613255, -0.00484109,
       -0.00330311,  0.00618796,  0.        , -0.0042211 , -0.00762012,
        0.        , -0.01056639,  0.01154626, -0.00800618,  0.00982341,
        0.01034084,  0.00413606, -0.0033262 , -0.00656451, -0.00074933,
        0.        ,  0.00510505, -0.00698043,  0.00454962, -0.0081375 ,
        0.00448092, -0.00440169, -0.01033879, -0.00114638,  0.        ,
       -0.00507893,  0.        ,  0.        ,  0.00946731, -0.00438626,
        0.        ,  0.        ,  0.        , -0.00147003,  0.00259603,
        0.00676414,  0.00300578,  0.        ,  0.        ,  0.        ,
        0.00475498, -0.00186125,  0.        ,  0.        , -0.01020208,
       -0.0032093 ,  0.01492615,  0.00937753,  0.        ,  0.01306537,
       -0.01319541,  0.00424473, -0.02656691,  0.00899246, -0.00938108,
        0.        , -0.01206361, -0.00257101,  0.00791087, -0.01317219,
       -0.09512731, -0.03987373, -0.03239083,  0.        ,  0.02247176,
        0.00194736,  0.00418267,  0.00640562, -0.00336288,  0.        ,
        0.        ])
2025-03-04 22:25:00,002 - INFO - num_full_subsets = 1
2025-03-04 22:25:00,003 - INFO - remaining_weight_vector = array([0.11106983, 0.07456436, 0.0563171 , 0.04537321, 0.03808108,
       0.03287576, 0.02897474, 0.02594332, 0.02352067, 0.02154082,
       0.0198931 , 0.01850093, 0.01730958, 0.01627894, 0.0153789 ,
       0.01458646, 0.01388373, 0.01325657, 0.01269369, 0.01218595,
       0.01172585, 0.01130721, 0.0109249 , 0.01057458, 0.0102526 ,
       0.00995584, 0.00968163, 0.00942768, 0.00919199, 0.00897282,
       0.00876867, 0.0085782 , 0.00840024, 0.00823375, 0.00807781,
       0.00793159, 0.00779437, 0.00766549, 0.00754437, 0.00743046,
       0.00732329, 0.00722242, 0.00712748, 0.00703809, 0.00695394,
       0.00687473, 0.00680019, 0.00673009, 0.00666419, 0.00660229,
       0.00654421, 0.00648978, 0.00643883, 0.00639123, 0.00634685,
       0.00630556, 0.00626726, 0.00623185, 0.00619925, 0.00616936,
       0.00614211, 0.00611744, 0.0060953 , 0.00607561, 0.00605835,
       0.00604347, 0.00603094, 0.00602072, 0.0060128 , 0.00600716,
       0.00600377, 0.00600265])
2025-03-04 22:25:00,003 - INFO - num_paired_subset_sizes = 72
2025-03-04 22:25:00,073 - INFO - weight_left = 0.818818568106711
2025-03-04 22:25:01,104 - INFO - np.sum(w_aug) = 145.99999999999997
2025-03-04 22:25:01,104 - INFO - np.sum(self.kernelWeights) = 1.0
2025-03-04 22:25:01,208 - INFO - phi = array([ 0.004692  ,  0.00105512, -0.00721739, -0.00897931, -0.00625885,
       -0.01085054, -0.00134013, -0.01285391, -0.00248273,  0.00316457,
       -0.00106684, -0.01839931,  0.00396296, -0.03900637,  0.00644506,
       -0.01990808, -0.04442379, -0.0583551 ,  0.02793031,  0.        ,
       -0.00072893, -0.0067892 ,  0.00722515,  0.        , -0.0030057 ,
       -0.00798028,  0.00184073, -0.00624674,  0.00699417,  0.00573951,
        0.00516172, -0.01434233,  0.00323175,  0.01063612, -0.00361384,
        0.00425087, -0.00874987, -0.00234175,  0.00695537, -0.01289512,
        0.00209163,  0.00629834, -0.00540214,  0.        ,  0.        ,
        0.        ,  0.01621625, -0.01266533, -0.00630432, -0.01831366,
       -0.00162899, -0.00578223,  0.00284252, -0.00928528, -0.01818786,
       -0.01464943,  0.00715516, -0.00867728, -0.00140103, -0.01255255,
       -0.00115571, -0.01911084, -0.00292575,  0.00176042,  0.00255576,
        0.00152678,  0.00300425,  0.00153547,  0.00785718, -0.00109865,
        0.00320742,  0.        ,  0.0056288 ,  0.0070613 ,  0.00062644,
       -0.00050515, -0.00225214,  0.00185966, -0.0010507 , -0.00199122,
        0.        ,  0.00309665,  0.00264471,  0.00412774, -0.00397114,
       -0.00699892, -0.00328333,  0.00352594, -0.00176228, -0.00272477,
        0.00531101, -0.00088214,  0.00359747,  0.00371472,  0.00084391,
        0.00690862,  0.00146343, -0.00087966,  0.        , -0.00197328,
        0.00081457, -0.00109552, -0.00133531, -0.00785851,  0.00341745,
       -0.00110245,  0.00464572, -0.00058368,  0.00069021,  0.00178403,
       -0.00124662, -0.00247578, -0.00298667,  0.00187811,  0.00330855,
        0.        ,  0.00098954,  0.00107606, -0.00144752,  0.0046641 ,
        0.0034178 ,  0.00375917, -0.00448731, -0.00669015, -0.00426908,
        0.00364286,  0.        ,  0.00310656, -0.00492734, -0.00109177,
        0.00527667, -0.01410207,  0.00256093, -0.00091062, -0.02216523,
       -0.0017701 ,  0.00384438,  0.        , -0.00233333,  0.00836476,
       -0.01717897, -0.0058822 , -0.02195976, -0.00742281, -0.00494437,
       -0.00581813])
2025-03-04 22:25:01,209 - INFO - np.sum(w_aug) = 145.99999999999997
2025-03-04 22:25:01,210 - INFO - np.sum(self.kernelWeights) = 1.0
2025-03-04 22:25:01,309 - INFO - phi = array([-0.004692  , -0.00105512,  0.00721739,  0.00897931,  0.00625885,
        0.01085054,  0.00134013,  0.01285391,  0.00248273, -0.00316457,
        0.00106684,  0.01839931, -0.00396296,  0.03900637, -0.00644506,
        0.01990808,  0.04442379,  0.0583551 , -0.02793031,  0.        ,
        0.00072893,  0.0067892 , -0.00722515,  0.        ,  0.0030057 ,
        0.00798028, -0.00184073,  0.00624674, -0.00699417, -0.00573951,
       -0.00516172,  0.01434233, -0.00323175, -0.01063612,  0.00361384,
       -0.00425087,  0.00874987,  0.00234175, -0.00695537,  0.01289512,
       -0.00209163, -0.00629834,  0.00540214,  0.        ,  0.        ,
        0.        , -0.01621625,  0.01266533,  0.00630432,  0.01831366,
        0.00162899,  0.00578223, -0.00284252,  0.00928528,  0.01818786,
        0.01464943, -0.00715516,  0.00867728,  0.00140103,  0.01255255,
        0.00115571,  0.01911084,  0.00292575, -0.00176042, -0.00255576,
       -0.00152678, -0.00300425, -0.00153547, -0.00785718,  0.00109865,
       -0.00320742,  0.        , -0.0056288 , -0.0070613 , -0.00062644,
        0.00050515,  0.00225214, -0.00185966,  0.0010507 ,  0.00199122,
        0.        , -0.00309665, -0.00264471, -0.00412774,  0.00397114,
        0.00699892,  0.00328333, -0.00352594,  0.00176228,  0.00272477,
       -0.00531101,  0.00088214, -0.00359747, -0.00371472, -0.00084391,
       -0.00690862, -0.00146343,  0.00087966,  0.        ,  0.00197328,
       -0.00081457,  0.00109552,  0.00133531,  0.00785851, -0.00341745,
        0.00110245, -0.00464572,  0.00058368, -0.00069021, -0.00178403,
        0.00124662,  0.00247578,  0.00298667, -0.00187811, -0.00330855,
        0.        , -0.00098954, -0.00107606,  0.00144752, -0.0046641 ,
       -0.0034178 , -0.00375917,  0.00448731,  0.00669015,  0.00426908,
       -0.00364286,  0.        , -0.00310656,  0.00492734,  0.00109177,
       -0.00527667,  0.01410207, -0.00256093,  0.00091062,  0.02216523,
        0.0017701 , -0.00384438,  0.        ,  0.00233333, -0.00836476,
        0.01717897,  0.0058822 ,  0.02195976,  0.00742281,  0.00494437,
        0.00581813])
2025-03-04 22:25:02,080 - INFO - num_full_subsets = 1
2025-03-04 22:25:02,080 - INFO - remaining_weight_vector = array([0.11106983, 0.07456436, 0.0563171 , 0.04537321, 0.03808108,
       0.03287576, 0.02897474, 0.02594332, 0.02352067, 0.02154082,
       0.0198931 , 0.01850093, 0.01730958, 0.01627894, 0.0153789 ,
       0.01458646, 0.01388373, 0.01325657, 0.01269369, 0.01218595,
       0.01172585, 0.01130721, 0.0109249 , 0.01057458, 0.0102526 ,
       0.00995584, 0.00968163, 0.00942768, 0.00919199, 0.00897282,
       0.00876867, 0.0085782 , 0.00840024, 0.00823375, 0.00807781,
       0.00793159, 0.00779437, 0.00766549, 0.00754437, 0.00743046,
       0.00732329, 0.00722242, 0.00712748, 0.00703809, 0.00695394,
       0.00687473, 0.00680019, 0.00673009, 0.00666419, 0.00660229,
       0.00654421, 0.00648978, 0.00643883, 0.00639123, 0.00634685,
       0.00630556, 0.00626726, 0.00623185, 0.00619925, 0.00616936,
       0.00614211, 0.00611744, 0.0060953 , 0.00607561, 0.00605835,
       0.00604347, 0.00603094, 0.00602072, 0.0060128 , 0.00600716,
       0.00600377, 0.00600265])
2025-03-04 22:25:02,080 - INFO - num_paired_subset_sizes = 72
2025-03-04 22:25:02,147 - INFO - weight_left = 0.818818568106711
2025-03-04 22:25:03,137 - INFO - np.sum(w_aug) = 145.99999999999997
2025-03-04 22:25:03,137 - INFO - np.sum(self.kernelWeights) = 1.0
2025-03-04 22:25:03,247 - INFO - phi = array([ 0.01424826, -0.00673566,  0.        ,  0.01203777,  0.        ,
        0.001871  ,  0.00934712,  0.01025931,  0.        , -0.01104497,
        0.00490909, -0.00899382,  0.        ,  0.04310535,  0.00449803,
        0.01365392,  0.02237293,  0.01208148, -0.02385393,  0.01158063,
       -0.01680998,  0.01911661,  0.01655454, -0.00715591, -0.0103998 ,
       -0.00928837,  0.00125283, -0.01881873,  0.00337421,  0.0156855 ,
        0.00861596,  0.00426536, -0.00588392,  0.02209362,  0.        ,
        0.        ,  0.01247371,  0.        ,  0.00722004, -0.00101891,
        0.01144102,  0.00149419,  0.        ,  0.        ,  0.00821487,
       -0.00347561,  0.01820364,  0.00182029,  0.04345948,  0.03007504,
        0.01081365, -0.00977804, -0.01086997,  0.12673482,  0.00139808,
        0.01365068,  0.00700677,  0.01794454,  0.04667294, -0.01034552,
        0.00127472, -0.00744293, -0.01051062,  0.01442693,  0.02458622,
        0.00891028,  0.        ,  0.00801651,  0.01258755,  0.00175827,
       -0.00730092,  0.00725333, -0.0060075 ,  0.01675554,  0.00344443,
        0.00884564, -0.00089201,  0.00288393, -0.00845429,  0.01717933,
        0.        ,  0.00247874, -0.01482391, -0.00243844, -0.00530128,
       -0.00883282,  0.        ,  0.01110037,  0.00541535,  0.00562191,
        0.00738613, -0.00451636,  0.00249274,  0.        ,  0.00835315,
       -0.00409937, -0.00621457,  0.        , -0.01132863,  0.00052621,
        0.        ,  0.00603594, -0.00234773, -0.00761883,  0.00172158,
        0.00593743, -0.00632213,  0.        ,  0.01755422, -0.01310747,
        0.00518209, -0.00368541,  0.00266064,  0.00075635, -0.00236488,
        0.00276227,  0.00313315,  0.00425059,  0.00090302,  0.        ,
        0.00399736, -0.00209301, -0.00662205,  0.00194588, -0.01013788,
        0.00802975,  0.00366825,  0.0213788 , -0.01251243,  0.00762494,
        0.0154489 , -0.007578  ,  0.01325859,  0.01176639,  0.01895957,
       -0.01234853,  0.01324488,  0.01000842,  0.04083202,  0.00684832,
       -0.01048739, -0.00360328,  0.        , -0.00308376,  0.00876208,
       -0.00931535])
2025-03-04 22:25:03,248 - INFO - np.sum(w_aug) = 145.99999999999997
2025-03-04 22:25:03,248 - INFO - np.sum(self.kernelWeights) = 1.0
2025-03-04 22:25:03,382 - INFO - phi = array([-0.01424826,  0.00673566,  0.        , -0.01203777,  0.        ,
       -0.001871  , -0.00934712, -0.01025931,  0.        ,  0.01104497,
       -0.00490909,  0.00899382,  0.        , -0.04310535, -0.00449803,
       -0.01365392, -0.02237293, -0.01208148,  0.02385393, -0.01158063,
        0.01680998, -0.01911661, -0.01655454,  0.00715591,  0.0103998 ,
        0.00928837, -0.00125283,  0.01881873, -0.00337421, -0.0156855 ,
       -0.00861596, -0.00426536,  0.00588392, -0.02209362,  0.        ,
        0.        , -0.01247371,  0.        , -0.00722004,  0.00101891,
       -0.01144102, -0.00149419,  0.        ,  0.        , -0.00821487,
        0.00347561, -0.01820364, -0.00182029, -0.04345948, -0.03007504,
       -0.01081365,  0.00977804,  0.01086997, -0.12673482, -0.00139808,
       -0.01365068, -0.00700677, -0.01794454, -0.04667294,  0.01034552,
       -0.00127472,  0.00744293,  0.01051062, -0.01442693, -0.02458622,
       -0.00891028,  0.        , -0.00801651, -0.01258755, -0.00175827,
        0.00730092, -0.00725333,  0.0060075 , -0.01675554, -0.00344443,
       -0.00884564,  0.00089201, -0.00288393,  0.00845429, -0.01717933,
        0.        , -0.00247874,  0.01482391,  0.00243844,  0.00530128,
        0.00883282,  0.        , -0.01110037, -0.00541535, -0.00562191,
       -0.00738613,  0.00451636, -0.00249274,  0.        , -0.00835315,
        0.00409937,  0.00621457,  0.        ,  0.01132863, -0.00052621,
        0.        , -0.00603594,  0.00234773,  0.00761883, -0.00172158,
       -0.00593743,  0.00632213,  0.        , -0.01755422,  0.01310747,
       -0.00518209,  0.00368541, -0.00266064, -0.00075635,  0.00236488,
       -0.00276227, -0.00313315, -0.00425059, -0.00090302,  0.        ,
       -0.00399736,  0.00209301,  0.00662205, -0.00194588,  0.01013788,
       -0.00802975, -0.00366825, -0.0213788 ,  0.01251243, -0.00762494,
       -0.0154489 ,  0.007578  , -0.01325859, -0.01176639, -0.01895957,
        0.01234853, -0.01324488, -0.01000842, -0.04083202, -0.00684832,
        0.01048739,  0.00360328,  0.        ,  0.00308376, -0.00876208,
        0.00931535])
2025-03-04 22:25:04,151 - INFO - num_full_subsets = 1
2025-03-04 22:25:04,152 - INFO - remaining_weight_vector = array([0.11106983, 0.07456436, 0.0563171 , 0.04537321, 0.03808108,
       0.03287576, 0.02897474, 0.02594332, 0.02352067, 0.02154082,
       0.0198931 , 0.01850093, 0.01730958, 0.01627894, 0.0153789 ,
       0.01458646, 0.01388373, 0.01325657, 0.01269369, 0.01218595,
       0.01172585, 0.01130721, 0.0109249 , 0.01057458, 0.0102526 ,
       0.00995584, 0.00968163, 0.00942768, 0.00919199, 0.00897282,
       0.00876867, 0.0085782 , 0.00840024, 0.00823375, 0.00807781,
       0.00793159, 0.00779437, 0.00766549, 0.00754437, 0.00743046,
       0.00732329, 0.00722242, 0.00712748, 0.00703809, 0.00695394,
       0.00687473, 0.00680019, 0.00673009, 0.00666419, 0.00660229,
       0.00654421, 0.00648978, 0.00643883, 0.00639123, 0.00634685,
       0.00630556, 0.00626726, 0.00623185, 0.00619925, 0.00616936,
       0.00614211, 0.00611744, 0.0060953 , 0.00607561, 0.00605835,
       0.00604347, 0.00603094, 0.00602072, 0.0060128 , 0.00600716,
       0.00600377, 0.00600265])
2025-03-04 22:25:04,152 - INFO - num_paired_subset_sizes = 72
2025-03-04 22:25:04,223 - INFO - weight_left = 0.818818568106711
2025-03-04 22:25:05,240 - INFO - np.sum(w_aug) = 145.99999999999997
2025-03-04 22:25:05,241 - INFO - np.sum(self.kernelWeights) = 1.0
2025-03-04 22:25:05,414 - INFO - phi = array([ 0.00805506,  0.03515849, -0.02180958,  0.04770628, -0.08011147,
       -0.02211712,  0.0250437 , -0.02548485,  0.01608971, -0.02395183,
        0.02068772,  0.01471274,  0.03434104,  0.07276506,  0.02753101,
       -0.01985096, -0.05212074, -0.044923  ,  0.13073514,  0.00316957,
        0.09641079,  0.02216501, -0.08972793, -0.02372653,  0.04447667,
        0.19488005,  0.02609027, -0.07205055, -0.05140744, -0.03880443,
        0.03042908,  0.11848022,  0.02155019,  0.04082123,  0.01208592,
       -0.01264151,  0.01522933, -0.01168204,  0.00649866, -0.02462273,
        0.02113526,  0.01562564, -0.00623992,  0.00587114,  0.00421402,
        0.        ,  0.03268516, -0.008587  ,  0.08375283,  0.05917444,
        0.02371384,  0.00591461, -0.00321369,  0.        , -0.03168197,
       -0.04860101,  0.04539748,  0.00753837,  0.05862731, -0.02937033,
        0.01068726,  0.        , -0.01455735,  0.00035442, -0.01240332,
        0.00854042, -0.05877636, -0.03038364, -0.02249636,  0.05092556,
        0.02188554, -0.03003166, -0.0139292 ,  0.        ,  0.        ,
        0.        , -0.02049922, -0.00446024, -0.00422293, -0.00878121,
        0.02699266,  0.01611793, -0.01592297, -0.01754545,  0.00211471,
        0.03140366,  0.00673206, -0.00457638,  0.01366742,  0.0054886 ,
        0.02657742, -0.01857272, -0.00163355, -0.02032325, -0.0010338 ,
        0.00432942,  0.01390037, -0.13083065,  0.00416163,  0.        ,
       -0.01104225,  0.01185864, -0.00417735, -0.01337973,  0.00994526,
       -0.00871161, -0.02348485,  0.        ,  0.00449109,  0.        ,
       -0.00669763,  0.00678016, -0.00832189,  0.        ,  0.00547774,
       -0.01616038, -0.01122185,  0.        , -0.00478876, -0.00755123,
        0.00883918,  0.01092955,  0.14928999, -0.00556699, -0.00786702,
        0.0111926 ,  0.02732727, -0.06097949, -0.00911733, -0.00334912,
        0.02096822, -0.01627805, -0.00994394, -0.01728624,  0.00203703,
        0.        ,  0.01771542,  0.        , -0.00745976,  0.01207825,
       -0.00877077,  0.12488646, -0.02749593, -0.01434945, -0.01452637,
       -0.00265612])
2025-03-04 22:25:05,416 - INFO - np.sum(w_aug) = 145.99999999999997
2025-03-04 22:25:05,416 - INFO - np.sum(self.kernelWeights) = 1.0
2025-03-04 22:25:05,630 - INFO - phi = array([-0.00805506, -0.03515849,  0.02180958, -0.04770628,  0.08011147,
        0.02211712, -0.0250437 ,  0.02548485, -0.01608971,  0.02395183,
       -0.02068772, -0.01471274, -0.03434104, -0.07276506, -0.02753101,
        0.01985096,  0.05212074,  0.044923  , -0.13073514, -0.00316957,
       -0.09641079, -0.02216501,  0.08972793,  0.02372653, -0.04447667,
       -0.19488005, -0.02609027,  0.07205055,  0.05140744,  0.03880443,
       -0.03042908, -0.11848022, -0.02155019, -0.04082123, -0.01208592,
        0.01264151, -0.01522933,  0.01168204, -0.00649866,  0.02462273,
       -0.02113526, -0.01562564,  0.00623992, -0.00587114, -0.00421402,
        0.        , -0.03268516,  0.008587  , -0.08375283, -0.05917444,
       -0.02371384, -0.00591461,  0.00321369,  0.        ,  0.03168197,
        0.04860101, -0.04539748, -0.00753837, -0.05862731,  0.02937033,
       -0.01068726,  0.        ,  0.01455735, -0.00035442,  0.01240332,
       -0.00854042,  0.05877636,  0.03038364,  0.02249636, -0.05092556,
       -0.02188554,  0.03003166,  0.0139292 ,  0.        ,  0.        ,
        0.        ,  0.02049922,  0.00446024,  0.00422293,  0.00878121,
       -0.02699266, -0.01611793,  0.01592297,  0.01754545, -0.00211471,
       -0.03140366, -0.00673206,  0.00457638, -0.01366742, -0.0054886 ,
       -0.02657742,  0.01857272,  0.00163355,  0.02032325,  0.0010338 ,
       -0.00432942, -0.01390037,  0.13083065, -0.00416163,  0.        ,
        0.01104225, -0.01185864,  0.00417735,  0.01337973, -0.00994526,
        0.00871161,  0.02348485,  0.        , -0.00449109,  0.        ,
        0.00669763, -0.00678016,  0.00832189,  0.        , -0.00547774,
        0.01616038,  0.01122185,  0.        ,  0.00478876,  0.00755123,
       -0.00883918, -0.01092955, -0.14928999,  0.00556699,  0.00786702,
       -0.0111926 , -0.02732727,  0.06097949,  0.00911733,  0.00334912,
       -0.02096822,  0.01627805,  0.00994394,  0.01728624, -0.00203703,
        0.        , -0.01771542,  0.        ,  0.00745976, -0.01207825,
        0.00877077, -0.12488646,  0.02749593,  0.01434945,  0.01452637,
        0.00265612])
2025-03-04 22:25:06,378 - INFO - num_full_subsets = 1
2025-03-04 22:25:06,379 - INFO - remaining_weight_vector = array([0.11106983, 0.07456436, 0.0563171 , 0.04537321, 0.03808108,
       0.03287576, 0.02897474, 0.02594332, 0.02352067, 0.02154082,
       0.0198931 , 0.01850093, 0.01730958, 0.01627894, 0.0153789 ,
       0.01458646, 0.01388373, 0.01325657, 0.01269369, 0.01218595,
       0.01172585, 0.01130721, 0.0109249 , 0.01057458, 0.0102526 ,
       0.00995584, 0.00968163, 0.00942768, 0.00919199, 0.00897282,
       0.00876867, 0.0085782 , 0.00840024, 0.00823375, 0.00807781,
       0.00793159, 0.00779437, 0.00766549, 0.00754437, 0.00743046,
       0.00732329, 0.00722242, 0.00712748, 0.00703809, 0.00695394,
       0.00687473, 0.00680019, 0.00673009, 0.00666419, 0.00660229,
       0.00654421, 0.00648978, 0.00643883, 0.00639123, 0.00634685,
       0.00630556, 0.00626726, 0.00623185, 0.00619925, 0.00616936,
       0.00614211, 0.00611744, 0.0060953 , 0.00607561, 0.00605835,
       0.00604347, 0.00603094, 0.00602072, 0.0060128 , 0.00600716,
       0.00600377, 0.00600265])
2025-03-04 22:25:06,379 - INFO - num_paired_subset_sizes = 72
2025-03-04 22:25:06,441 - INFO - weight_left = 0.818818568106711
2025-03-04 22:25:07,438 - INFO - np.sum(w_aug) = 146.0
2025-03-04 22:25:07,438 - INFO - np.sum(self.kernelWeights) = 1.0
2025-03-04 22:25:07,578 - INFO - phi = array([-0.01538233,  0.00398898,  0.        , -0.03605151,  0.        ,
        0.        ,  0.        ,  0.00339667,  0.00593067,  0.01720901,
        0.        , -0.00412888, -0.00419553, -0.0451263 ,  0.01306869,
       -0.00103765, -0.03380054, -0.04922245,  0.03722436, -0.02227026,
       -0.00284971, -0.0727914 , -0.03584255, -0.00328864,  0.00700534,
        0.0571308 ,  0.01364353,  0.05254505,  0.        , -0.02311881,
       -0.05281698, -0.03045235,  0.00137606,  0.01217467, -0.0029593 ,
        0.00491663,  0.00187763,  0.01795274,  0.00512143, -0.00207585,
        0.01114783,  0.        , -0.00105745,  0.        ,  0.00130855,
       -0.00097058,  0.01381613, -0.01327414, -0.01297325, -0.0181219 ,
        0.        , -0.00599378,  0.00539504,  0.00164357, -0.02112097,
       -0.0201282 ,  0.00923077, -0.02007179, -0.01105734, -0.00792776,
       -0.00228533,  0.0087938 ,  0.00534932, -0.00923524, -0.00217912,
        0.        ,  0.00750357,  0.00565465, -0.020069  ,  0.00669601,
        0.        ,  0.00381923,  0.00404391,  0.        ,  0.00086774,
        0.        , -0.00684241, -0.00493842,  0.00227431, -0.00630924,
       -0.04840306,  0.00224302, -0.00260202, -0.00325126, -0.00138639,
        0.0063464 , -0.00180888, -0.01637993,  0.        ,  0.00497484,
        0.        ,  0.00462336,  0.        ,  0.00121057,  0.        ,
       -0.00290509, -0.00235874,  0.00262469,  0.002715  , -0.00045764,
       -0.00270632,  0.00450607, -0.00504332, -0.00138951,  0.        ,
        0.00177616, -0.00533629,  0.        ,  0.00604168, -0.00201542,
       -0.00125011,  0.0015951 ,  0.00202357, -0.00186632,  0.00271646,
       -0.00158008,  0.00549824,  0.00314189,  0.        , -0.0048768 ,
        0.0010367 ,  0.00511341, -0.0020895 ,  0.00835968, -0.00301943,
        0.00581468,  0.00646057, -0.02541519,  0.        , -0.00528933,
        0.00637366, -0.00932342,  0.        ,  0.01046994,  0.0052612 ,
       -0.00362609,  0.00502659,  0.00314176,  0.00390891,  0.00598975,
        0.00140681,  0.        , -0.01876885, -0.00438182, -0.00686988,
       -0.00443305])
2025-03-04 22:25:07,579 - INFO - np.sum(w_aug) = 146.0
2025-03-04 22:25:07,579 - INFO - np.sum(self.kernelWeights) = 1.0
2025-03-04 22:25:07,678 - INFO - phi = array([ 0.01538233, -0.00398898,  0.        ,  0.03605151,  0.        ,
        0.        ,  0.        , -0.00339667, -0.00593067, -0.01720901,
        0.        ,  0.00412888,  0.00419553,  0.0451263 , -0.01306869,
        0.00103765,  0.03380054,  0.04922245, -0.03722436,  0.02227026,
        0.00284971,  0.0727914 ,  0.03584255,  0.00328864, -0.00700534,
       -0.0571308 , -0.01364353, -0.05254505,  0.        ,  0.02311881,
        0.05281698,  0.03045235, -0.00137606, -0.01217467,  0.0029593 ,
       -0.00491663, -0.00187763, -0.01795274, -0.00512143,  0.00207585,
       -0.01114783,  0.        ,  0.00105745,  0.        , -0.00130855,
        0.00097058, -0.01381613,  0.01327414,  0.01297325,  0.0181219 ,
        0.        ,  0.00599378, -0.00539504, -0.00164357,  0.02112097,
        0.0201282 , -0.00923077,  0.02007179,  0.01105734,  0.00792776,
        0.00228533, -0.0087938 , -0.00534932,  0.00923524,  0.00217912,
        0.        , -0.00750357, -0.00565465,  0.020069  , -0.00669601,
        0.        , -0.00381923, -0.00404391,  0.        , -0.00086774,
        0.        ,  0.00684241,  0.00493842, -0.00227431,  0.00630924,
        0.04840306, -0.00224302,  0.00260202,  0.00325126,  0.00138639,
       -0.0063464 ,  0.00180888,  0.01637993,  0.        , -0.00497484,
        0.        , -0.00462336,  0.        , -0.00121057,  0.        ,
        0.00290509,  0.00235874, -0.00262469, -0.002715  ,  0.00045764,
        0.00270632, -0.00450607,  0.00504332,  0.00138951,  0.        ,
       -0.00177616,  0.00533629,  0.        , -0.00604168,  0.00201542,
        0.00125011, -0.0015951 , -0.00202357,  0.00186632, -0.00271646,
        0.00158008, -0.00549824, -0.00314189,  0.        ,  0.0048768 ,
       -0.0010367 , -0.00511341,  0.0020895 , -0.00835968,  0.00301943,
       -0.00581468, -0.00646057,  0.02541519,  0.        ,  0.00528933,
       -0.00637366,  0.00932342,  0.        , -0.01046994, -0.0052612 ,
        0.00362609, -0.00502659, -0.00314176, -0.00390891, -0.00598975,
       -0.00140681,  0.        ,  0.01876885,  0.00438182,  0.00686988,
        0.00443305])
2025-03-04 22:25:08,434 - INFO - num_full_subsets = 1
2025-03-04 22:25:08,435 - INFO - remaining_weight_vector = array([0.11106983, 0.07456436, 0.0563171 , 0.04537321, 0.03808108,
       0.03287576, 0.02897474, 0.02594332, 0.02352067, 0.02154082,
       0.0198931 , 0.01850093, 0.01730958, 0.01627894, 0.0153789 ,
       0.01458646, 0.01388373, 0.01325657, 0.01269369, 0.01218595,
       0.01172585, 0.01130721, 0.0109249 , 0.01057458, 0.0102526 ,
       0.00995584, 0.00968163, 0.00942768, 0.00919199, 0.00897282,
       0.00876867, 0.0085782 , 0.00840024, 0.00823375, 0.00807781,
       0.00793159, 0.00779437, 0.00766549, 0.00754437, 0.00743046,
       0.00732329, 0.00722242, 0.00712748, 0.00703809, 0.00695394,
       0.00687473, 0.00680019, 0.00673009, 0.00666419, 0.00660229,
       0.00654421, 0.00648978, 0.00643883, 0.00639123, 0.00634685,
       0.00630556, 0.00626726, 0.00623185, 0.00619925, 0.00616936,
       0.00614211, 0.00611744, 0.0060953 , 0.00607561, 0.00605835,
       0.00604347, 0.00603094, 0.00602072, 0.0060128 , 0.00600716,
       0.00600377, 0.00600265])
2025-03-04 22:25:08,435 - INFO - num_paired_subset_sizes = 72
2025-03-04 22:25:08,505 - INFO - weight_left = 0.818818568106711
2025-03-04 22:25:09,489 - INFO - np.sum(w_aug) = 145.99999999999997
2025-03-04 22:25:09,489 - INFO - np.sum(self.kernelWeights) = 1.0
2025-03-04 22:25:09,662 - INFO - phi = array([-0.05565866, -0.01831417, -0.00568029,  0.00284534,  0.        ,
       -0.01015921, -0.0164528 ,  0.05442015,  0.02784094, -0.0100754 ,
        0.00190904, -0.03722122, -0.01656626, -0.08269982, -0.04635928,
        0.00894063,  0.02083909,  0.16640262, -0.02373661,  0.00849602,
       -0.00785158,  0.01655119,  0.03935619, -0.01117464, -0.01371603,
       -0.00823931, -0.00685185, -0.04566185,  0.01170007,  0.01206994,
        0.01498444,  0.0481473 , -0.01706603,  0.01477832,  0.00544548,
        0.00282351, -0.03275825, -0.00365655,  0.        ,  0.00353082,
        0.05040096,  0.        , -0.00112757, -0.00346087,  0.01732656,
       -0.00665537,  0.03635757, -0.00456945,  0.051906  ,  0.03988967,
        0.00898657, -0.0040138 ,  0.        , -0.0068882 ,  0.1505534 ,
        0.01917767,  0.04167416,  0.02259295,  0.04038041, -0.01290023,
       -0.00356087, -0.02140304,  0.00222576,  0.01945917, -0.00565155,
        0.        ,  0.00470132,  0.01822308,  0.00671339, -0.00153355,
        0.        ,  0.02194403, -0.01076279, -0.00188247, -0.00485078,
        0.0034277 , -0.00758941,  0.00344119,  0.0054524 ,  0.00164137,
        0.        ,  0.0083078 , -0.0133764 , -0.00603615, -0.00442656,
       -0.01520644,  0.01104988,  0.02446577, -0.00303972,  0.00448484,
        0.00420738,  0.00647583,  0.00556982, -0.00555694,  0.        ,
        0.        , -0.01079629,  0.        ,  0.00120337,  0.00276983,
        0.00420751, -0.00214721, -0.00199638, -0.0020797 , -0.00416693,
       -0.00275809,  0.        ,  0.0013952 ,  0.0091863 ,  0.00706301,
        0.00293492,  0.00176355, -0.00117812,  0.00548049,  0.00259218,
       -0.00176352, -0.00622983,  0.01025451,  0.00082829, -0.01104269,
        0.01302604,  0.        , -0.01145465, -0.00131521, -0.00212884,
        0.00829628, -0.00675616,  0.02820087, -0.0085512 ,  0.01222235,
        0.01179119, -0.0035761 , -0.00202709, -0.00256268, -0.05905104,
       -0.00729277,  0.02854776,  0.02730113, -0.01276476,  0.02460013,
        0.00331505,  0.12574898, -0.00498921, -0.00343806,  0.00300908,
        0.00418418])
2025-03-04 22:25:09,664 - INFO - np.sum(w_aug) = 145.99999999999997
2025-03-04 22:25:09,664 - INFO - np.sum(self.kernelWeights) = 1.0
2025-03-04 22:25:09,762 - INFO - phi = array([ 0.05565866,  0.01831417,  0.00568029, -0.00284534,  0.        ,
        0.01015921,  0.0164528 , -0.05442015, -0.02784094,  0.0100754 ,
       -0.00190904,  0.03722122,  0.01656626,  0.08269982,  0.04635928,
       -0.00894063, -0.02083909, -0.16640262,  0.02373661, -0.00849602,
        0.00785158, -0.01655119, -0.03935619,  0.01117464,  0.01371603,
        0.00823931,  0.00685185,  0.04566185, -0.01170007, -0.01206994,
       -0.01498444, -0.0481473 ,  0.01706603, -0.01477832, -0.00544548,
       -0.00282351,  0.03275825,  0.00365655,  0.        , -0.00353082,
       -0.05040096,  0.        ,  0.00112757,  0.00346087, -0.01732656,
        0.00665537, -0.03635757,  0.00456945, -0.051906  , -0.03988967,
       -0.00898657,  0.0040138 ,  0.        ,  0.0068882 , -0.1505534 ,
       -0.01917767, -0.04167416, -0.02259295, -0.04038041,  0.01290023,
        0.00356087,  0.02140304, -0.00222576, -0.01945917,  0.00565155,
        0.        , -0.00470132, -0.01822308, -0.00671339,  0.00153355,
        0.        , -0.02194403,  0.01076279,  0.00188247,  0.00485078,
       -0.0034277 ,  0.00758941, -0.00344119, -0.0054524 , -0.00164137,
        0.        , -0.0083078 ,  0.0133764 ,  0.00603615,  0.00442656,
        0.01520644, -0.01104988, -0.02446577,  0.00303972, -0.00448484,
       -0.00420738, -0.00647583, -0.00556982,  0.00555694,  0.        ,
        0.        ,  0.01079629,  0.        , -0.00120337, -0.00276983,
       -0.00420751,  0.00214721,  0.00199638,  0.0020797 ,  0.00416693,
        0.00275809,  0.        , -0.0013952 , -0.0091863 , -0.00706301,
       -0.00293492, -0.00176355,  0.00117812, -0.00548049, -0.00259218,
        0.00176352,  0.00622983, -0.01025451, -0.00082829,  0.01104269,
       -0.01302604,  0.        ,  0.01145465,  0.00131521,  0.00212884,
       -0.00829628,  0.00675616, -0.02820087,  0.0085512 , -0.01222235,
       -0.01179119,  0.0035761 ,  0.00202709,  0.00256268,  0.05905104,
        0.00729277, -0.02854776, -0.02730113,  0.01276476, -0.02460013,
       -0.00331505, -0.12574898,  0.00498921,  0.00343806, -0.00300908,
       -0.00418418])
2025-03-04 22:25:10,467 - INFO - num_full_subsets = 1
2025-03-04 22:25:10,468 - INFO - remaining_weight_vector = array([0.11106983, 0.07456436, 0.0563171 , 0.04537321, 0.03808108,
       0.03287576, 0.02897474, 0.02594332, 0.02352067, 0.02154082,
       0.0198931 , 0.01850093, 0.01730958, 0.01627894, 0.0153789 ,
       0.01458646, 0.01388373, 0.01325657, 0.01269369, 0.01218595,
       0.01172585, 0.01130721, 0.0109249 , 0.01057458, 0.0102526 ,
       0.00995584, 0.00968163, 0.00942768, 0.00919199, 0.00897282,
       0.00876867, 0.0085782 , 0.00840024, 0.00823375, 0.00807781,
       0.00793159, 0.00779437, 0.00766549, 0.00754437, 0.00743046,
       0.00732329, 0.00722242, 0.00712748, 0.00703809, 0.00695394,
       0.00687473, 0.00680019, 0.00673009, 0.00666419, 0.00660229,
       0.00654421, 0.00648978, 0.00643883, 0.00639123, 0.00634685,
       0.00630556, 0.00626726, 0.00623185, 0.00619925, 0.00616936,
       0.00614211, 0.00611744, 0.0060953 , 0.00607561, 0.00605835,
       0.00604347, 0.00603094, 0.00602072, 0.0060128 , 0.00600716,
       0.00600377, 0.00600265])
2025-03-04 22:25:10,468 - INFO - num_paired_subset_sizes = 72
2025-03-04 22:25:10,530 - INFO - weight_left = 0.818818568106711
2025-03-04 22:25:11,537 - INFO - np.sum(w_aug) = 145.99999999999997
2025-03-04 22:25:11,537 - INFO - np.sum(self.kernelWeights) = 1.0
2025-03-04 22:25:11,636 - INFO - phi = array([ 0.01625844,  0.00511877, -0.00524759, -0.00361167, -0.00744098,
        0.        ,  0.01272594,  0.00424554,  0.00730666, -0.00651884,
        0.00648836,  0.00311221,  0.00717181,  0.02771742, -0.00581727,
        0.        ,  0.00273898,  0.00580886, -0.0361861 ,  0.01051393,
       -0.00737953, -0.00438021,  0.01028955,  0.00244943, -0.00555521,
       -0.01003248,  0.00475656, -0.03194523,  0.0093881 ,  0.00557438,
        0.00326258,  0.01541016, -0.00258316,  0.02271578, -0.00361058,
        0.00199002, -0.01967865, -0.00306798,  0.00865547, -0.00619852,
       -0.01171418,  0.00338674,  0.        , -0.00575191,  0.00202555,
       -0.00175084,  0.02301925, -0.02400965, -0.0419893 , -0.02717032,
        0.00836122, -0.00574121, -0.00441778, -0.02792919, -0.02022567,
       -0.03257943,  0.02592358, -0.00461702, -0.00338061, -0.02155231,
       -0.00498624, -0.03511915, -0.00881184, -0.0083295 ,  0.00897235,
        0.00817694,  0.00766532,  0.0092228 ,  0.00285671,  0.00169565,
        0.        ,  0.00342943,  0.00930762,  0.00287817,  0.        ,
        0.        , -0.00542171,  0.        ,  0.00990615,  0.        ,
        0.00312073, -0.00235812, -0.00913486,  0.        , -0.00391547,
       -0.01093723,  0.        ,  0.        ,  0.0056315 ,  0.00277478,
        0.        ,  0.00611467,  0.00299485,  0.        , -0.00337322,
        0.00345559, -0.00239934,  0.        ,  0.00755755,  0.        ,
        0.00682931,  0.        ,  0.        , -0.00128968,  0.        ,
        0.00061684, -0.00454466,  0.00215276, -0.00284713,  0.        ,
        0.00360323, -0.00377802, -0.00801614, -0.00027886,  0.00271114,
       -0.00407576,  0.        , -0.0056644 , -0.00168722,  0.        ,
        0.00452416, -0.01871467, -0.0112173 ,  0.        , -0.00989724,
        0.01130215, -0.0229785 ,  0.01378631,  0.        ,  0.00370182,
        0.02050221,  0.06118782,  0.00534706, -0.00157737,  0.01680756,
       -0.00470471, -0.1881659 , -0.02154798,  0.        ,  0.00754348,
        0.01437725, -0.00294655, -0.03394041, -0.01166505, -0.00908016,
       -0.00779097])
2025-03-04 22:25:11,637 - INFO - np.sum(w_aug) = 145.99999999999997
2025-03-04 22:25:11,637 - INFO - np.sum(self.kernelWeights) = 1.0
2025-03-04 22:25:11,732 - INFO - phi = array([-0.01625844, -0.00511877,  0.00524759,  0.00361167,  0.00744098,
        0.        , -0.01272594, -0.00424554, -0.00730666,  0.00651884,
       -0.00648836, -0.00311221, -0.00717181, -0.02771742,  0.00581727,
        0.        , -0.00273898, -0.00580886,  0.0361861 , -0.01051393,
        0.00737953,  0.00438021, -0.01028955, -0.00244943,  0.00555521,
        0.01003248, -0.00475656,  0.03194523, -0.0093881 , -0.00557438,
       -0.00326258, -0.01541016,  0.00258316, -0.02271578,  0.00361058,
       -0.00199002,  0.01967865,  0.00306798, -0.00865547,  0.00619852,
        0.01171418, -0.00338674,  0.        ,  0.00575191, -0.00202555,
        0.00175084, -0.02301925,  0.02400965,  0.0419893 ,  0.02717032,
       -0.00836122,  0.00574121,  0.00441778,  0.02792919,  0.02022567,
        0.03257943, -0.02592358,  0.00461702,  0.00338061,  0.02155231,
        0.00498624,  0.03511915,  0.00881184,  0.0083295 , -0.00897235,
       -0.00817694, -0.00766532, -0.0092228 , -0.00285671, -0.00169565,
        0.        , -0.00342943, -0.00930762, -0.00287817,  0.        ,
        0.        ,  0.00542171,  0.        , -0.00990615,  0.        ,
       -0.00312073,  0.00235812,  0.00913486,  0.        ,  0.00391547,
        0.01093723,  0.        ,  0.        , -0.0056315 , -0.00277478,
        0.        , -0.00611467, -0.00299485,  0.        ,  0.00337322,
       -0.00345559,  0.00239934,  0.        , -0.00755755,  0.        ,
       -0.00682931,  0.        ,  0.        ,  0.00128968,  0.        ,
       -0.00061684,  0.00454466, -0.00215276,  0.00284713,  0.        ,
       -0.00360323,  0.00377802,  0.00801614,  0.00027886, -0.00271114,
        0.00407576,  0.        ,  0.0056644 ,  0.00168722,  0.        ,
       -0.00452416,  0.01871467,  0.0112173 ,  0.        ,  0.00989724,
       -0.01130215,  0.0229785 , -0.01378631,  0.        , -0.00370182,
       -0.02050221, -0.06118782, -0.00534706,  0.00157737, -0.01680756,
        0.00470471,  0.1881659 ,  0.02154798,  0.        , -0.00754348,
       -0.01437725,  0.00294655,  0.03394041,  0.01166505,  0.00908016,
        0.00779097])
2025-03-04 22:25:12,472 - INFO - num_full_subsets = 1
2025-03-04 22:25:12,472 - INFO - remaining_weight_vector = array([0.11106983, 0.07456436, 0.0563171 , 0.04537321, 0.03808108,
       0.03287576, 0.02897474, 0.02594332, 0.02352067, 0.02154082,
       0.0198931 , 0.01850093, 0.01730958, 0.01627894, 0.0153789 ,
       0.01458646, 0.01388373, 0.01325657, 0.01269369, 0.01218595,
       0.01172585, 0.01130721, 0.0109249 , 0.01057458, 0.0102526 ,
       0.00995584, 0.00968163, 0.00942768, 0.00919199, 0.00897282,
       0.00876867, 0.0085782 , 0.00840024, 0.00823375, 0.00807781,
       0.00793159, 0.00779437, 0.00766549, 0.00754437, 0.00743046,
       0.00732329, 0.00722242, 0.00712748, 0.00703809, 0.00695394,
       0.00687473, 0.00680019, 0.00673009, 0.00666419, 0.00660229,
       0.00654421, 0.00648978, 0.00643883, 0.00639123, 0.00634685,
       0.00630556, 0.00626726, 0.00623185, 0.00619925, 0.00616936,
       0.00614211, 0.00611744, 0.0060953 , 0.00607561, 0.00605835,
       0.00604347, 0.00603094, 0.00602072, 0.0060128 , 0.00600716,
       0.00600377, 0.00600265])
2025-03-04 22:25:12,473 - INFO - num_paired_subset_sizes = 72
2025-03-04 22:25:12,540 - INFO - weight_left = 0.818818568106711
2025-03-04 22:25:13,486 - INFO - np.sum(w_aug) = 146.0
2025-03-04 22:25:13,486 - INFO - np.sum(self.kernelWeights) = 1.0
2025-03-04 22:25:13,582 - INFO - phi = array([-0.02744624, -0.00438013, -0.00450731, -0.00149151,  0.        ,
       -0.0114182 , -0.02642285, -0.02221419,  0.        , -0.00522716,
       -0.01568763, -0.00420853, -0.01562588, -0.04033395,  0.01294852,
       -0.00551747, -0.02811178,  0.        ,  0.03290742,  0.00483026,
        0.01149508, -0.00377912, -0.03758877,  0.00172466,  0.00689172,
        0.        , -0.02004459, -0.01579757, -0.01515489,  0.00664311,
       -0.03510763, -0.03996173,  0.        ,  0.01277878,  0.00264829,
       -0.0065408 , -0.00350103,  0.01762307,  0.00714597,  0.        ,
        0.        ,  0.00470022, -0.00092406,  0.        , -0.03683912,
        0.        ,  0.01203532, -0.00740767, -0.01154619, -0.01858559,
        0.00795145,  0.00164606, -0.00556443,  0.        , -0.01501071,
       -0.02190865,  0.01226969, -0.00739722, -0.0046088 , -0.0101496 ,
        0.        ,  0.00757974,  0.        , -0.0024262 , -0.00417235,
       -0.00143449, -0.01896054, -0.02694849,  0.0038725 , -0.00590096,
        0.00133802,  0.00778178,  0.00338145, -0.00868068, -0.00411375,
        0.        , -0.00972108,  0.00131197,  0.00274539, -0.00103946,
        0.00263073,  0.00393657,  0.04573256,  0.        ,  0.        ,
        0.00953994, -0.01135083, -0.02194054, -0.00582952, -0.0039642 ,
        0.00896211, -0.00096721,  0.00450015,  0.0033557 , -0.00153439,
        0.02652735, -0.00437621,  0.00210027,  0.00180076,  0.        ,
        0.        ,  0.        ,  0.        , -0.00288119,  0.0067386 ,
       -0.00565679, -0.00071659,  0.00423039,  0.        , -0.00400131,
        0.0027105 ,  0.00534146,  0.00291866,  0.        ,  0.00124524,
       -0.00126999,  0.        , -0.00310126, -0.00581864, -0.00352812,
       -0.00702253,  0.00575966, -0.00847236,  0.00687429, -0.00378409,
        0.        ,  0.0129059 ,  0.01025344,  0.12310577, -0.00820193,
       -0.06724468, -0.01128595,  0.00342613,  0.        ,  0.007797  ,
       -0.00766832,  0.00489427, -0.00872591,  0.        ,  0.01104965,
       -0.00096078, -0.00386463, -0.02385193, -0.0060342 , -0.0024553 ,
       -0.00101732])
2025-03-04 22:25:13,583 - INFO - np.sum(w_aug) = 146.0
2025-03-04 22:25:13,583 - INFO - np.sum(self.kernelWeights) = 1.0
2025-03-04 22:25:13,679 - INFO - phi = array([ 0.02744624,  0.00438013,  0.00450731,  0.00149151,  0.        ,
        0.0114182 ,  0.02642285,  0.02221419,  0.        ,  0.00522716,
        0.01568763,  0.00420853,  0.01562588,  0.04033395, -0.01294852,
        0.00551747,  0.02811178,  0.        , -0.03290742, -0.00483026,
       -0.01149508,  0.00377912,  0.03758877, -0.00172466, -0.00689172,
        0.        ,  0.02004459,  0.01579757,  0.01515489, -0.00664311,
        0.03510763,  0.03996173,  0.        , -0.01277878, -0.00264829,
        0.0065408 ,  0.00350103, -0.01762307, -0.00714597,  0.        ,
        0.        , -0.00470022,  0.00092406,  0.        ,  0.03683912,
        0.        , -0.01203532,  0.00740767,  0.01154619,  0.01858559,
       -0.00795145, -0.00164606,  0.00556443,  0.        ,  0.01501071,
        0.02190865, -0.01226969,  0.00739722,  0.0046088 ,  0.0101496 ,
        0.        , -0.00757974,  0.        ,  0.0024262 ,  0.00417235,
        0.00143449,  0.01896054,  0.02694849, -0.0038725 ,  0.00590096,
       -0.00133802, -0.00778178, -0.00338145,  0.00868068,  0.00411375,
        0.        ,  0.00972108, -0.00131197, -0.00274539,  0.00103946,
       -0.00263073, -0.00393657, -0.04573256,  0.        ,  0.        ,
       -0.00953994,  0.01135083,  0.02194054,  0.00582952,  0.0039642 ,
       -0.00896211,  0.00096721, -0.00450015, -0.0033557 ,  0.00153439,
       -0.02652735,  0.00437621, -0.00210027, -0.00180076,  0.        ,
        0.        ,  0.        ,  0.        ,  0.00288119, -0.0067386 ,
        0.00565679,  0.00071659, -0.00423039,  0.        ,  0.00400131,
       -0.0027105 , -0.00534146, -0.00291866,  0.        , -0.00124524,
        0.00126999,  0.        ,  0.00310126,  0.00581864,  0.00352812,
        0.00702253, -0.00575966,  0.00847236, -0.00687429,  0.00378409,
        0.        , -0.0129059 , -0.01025344, -0.12310577,  0.00820193,
        0.06724468,  0.01128595, -0.00342613,  0.        , -0.007797  ,
        0.00766832, -0.00489427,  0.00872591,  0.        , -0.01104965,
        0.00096078,  0.00386463,  0.02385193,  0.0060342 ,  0.0024553 ,
        0.00101732])
2025-03-04 22:25:13,681 - INFO - 检测到 SHAP 值长度为特征名称长度的2倍，取前半部分。
2025-03-04 22:25:13,973 - INFO - 已将原始 SHAP 值条形图导出为 shap_raw_summary_plot.html
2025-03-04 22:25:14,037 - INFO - 已将原始 SHAP 值数据导出为 shap_raw_summary_plot.xlsx
2025-03-04 22:25:14,040 - INFO - 已将原始 SHAP 值数据导出为 shap_raw_summary_plot.json
